2023-10-14 17:41:13,748 - Log4JLogChute initialized using file 'velocity.log'
2023-10-14 17:41:13,749 - Velocity was not initialized! Calling init()...
2023-10-14 17:41:13,749 - Starting Apache Velocity v1.5 (compiled: 2007-02-22 08:52:29)
2023-10-14 17:41:13,749 - Default Properties File: org/apache/velocity/runtime/defaults/velocity.properties
2023-10-14 17:41:13,749 - Trying to use logger class org.apache.velocity.runtime.log.AvalonLogChute
2023-10-14 17:41:13,750 - Couldn't find class org.apache.velocity.runtime.log.AvalonLogChute or necessary supporting classes in classpath.
java.lang.NoClassDefFoundError: org/apache/log/format/Formatter
	at java.base/java.lang.Class.forName0(Native Method)
	at java.base/java.lang.Class.forName(Class.java:496)
	at java.base/java.lang.Class.forName(Class.java:475)
	at org.apache.velocity.util.ClassUtils.getClass(ClassUtils.java:63)
	at org.apache.velocity.util.ClassUtils.getNewInstance(ClassUtils.java:95)
	at org.apache.velocity.runtime.log.LogManager.createLogChute(LogManager.java:147)
	at org.apache.velocity.runtime.log.LogManager.updateLog(LogManager.java:208)
	at org.apache.velocity.runtime.RuntimeInstance.initializeLog(RuntimeInstance.java:728)
	at org.apache.velocity.runtime.RuntimeInstance.init(RuntimeInstance.java:240)
	at org.apache.velocity.runtime.RuntimeInstance.parse(RuntimeInstance.java:993)
	at org.apache.velocity.runtime.RuntimeInstance.parse(RuntimeInstance.java:972)
	at org.apache.velocity.runtime.RuntimeSingleton.parse(RuntimeSingleton.java:265)
	at org.apache.velocity.app.Velocity.evaluate(Velocity.java:274)
	at org.sonatype.mavenbook.weather.WeatherFormatter.format(WeatherFormatter.java:21)
	at org.sonatype.mavenbook.weather.yahoo.WeatherFormatterTest.testFormat(WeatherFormatterTest.java:23)
	at java.base/jdk.internal.reflect.DirectMethodHandleAccessor.invoke(DirectMethodHandleAccessor.java:104)
	at java.base/java.lang.reflect.Method.invoke(Method.java:578)
	at junit.framework.TestCase.runTest(TestCase.java:176)
	at junit.framework.TestCase.runBare(TestCase.java:141)
	at junit.framework.TestResult$1.protect(TestResult.java:122)
	at junit.framework.TestResult.runProtected(TestResult.java:142)
	at junit.framework.TestResult.run(TestResult.java:125)
	at junit.framework.TestCase.run(TestCase.java:129)
	at junit.framework.TestSuite.runTest(TestSuite.java:252)
	at junit.framework.TestSuite.run(TestSuite.java:247)
	at org.junit.internal.runners.JUnit38ClassRunner.run(JUnit38ClassRunner.java:86)
	at org.apache.maven.surefire.junit4.JUnit4Provider.execute(JUnit4Provider.java:252)
	at org.apache.maven.surefire.junit4.JUnit4Provider.executeTestSet(JUnit4Provider.java:141)
	at org.apache.maven.surefire.junit4.JUnit4Provider.invoke(JUnit4Provider.java:112)
	at java.base/jdk.internal.reflect.DirectMethodHandleAccessor.invoke(DirectMethodHandleAccessor.java:104)
	at java.base/java.lang.reflect.Method.invoke(Method.java:578)
	at org.apache.maven.surefire.util.ReflectionUtils.invokeMethodWithArray(ReflectionUtils.java:189)
	at org.apache.maven.surefire.booter.ProviderFactory$ProviderProxy.invoke(ProviderFactory.java:165)
	at org.apache.maven.surefire.booter.ProviderFactory.invokeProvider(ProviderFactory.java:85)
	at org.apache.maven.surefire.booter.ForkedBooter.runSuitesInProcess(ForkedBooter.java:113)
	at org.apache.maven.surefire.booter.ForkedBooter.main(ForkedBooter.java:75)
Caused by: java.lang.ClassNotFoundException: org.apache.log.format.Formatter
	at java.base/jdk.internal.loader.BuiltinClassLoader.loadClass(BuiltinClassLoader.java:641)
	at java.base/jdk.internal.loader.ClassLoaders$AppClassLoader.loadClass(ClassLoaders.java:188)
	at java.base/java.lang.ClassLoader.loadClass(ClassLoader.java:521)
	... 36 more
2023-10-14 17:41:13,752 - Trying to use logger class org.apache.velocity.runtime.log.Log4JLogChute
2023-10-14 17:41:13,752 - Using logger class org.apache.velocity.runtime.log.Log4JLogChute
2023-10-14 17:41:13,754 - Default ResourceManager initializing. (class org.apache.velocity.runtime.resource.ResourceManagerImpl)
2023-10-14 17:41:13,756 - ResourceLoader instantiated: org.apache.velocity.runtime.resource.loader.FileResourceLoader
2023-10-14 17:41:13,756 - Do unicode file recognition:  false
2023-10-14 17:41:13,757 - FileResourceLoader : adding path '.'
2023-10-14 17:41:13,766 - ResourceCache: initialized (class org.apache.velocity.runtime.resource.ResourceCacheImpl)
2023-10-14 17:41:13,767 - Loaded System Directive: org.apache.velocity.runtime.directive.Literal
2023-10-14 17:41:13,769 - Loaded System Directive: org.apache.velocity.runtime.directive.Macro
2023-10-14 17:41:13,770 - Loaded System Directive: org.apache.velocity.runtime.directive.Parse
2023-10-14 17:41:13,771 - Loaded System Directive: org.apache.velocity.runtime.directive.Include
2023-10-14 17:41:13,771 - Loaded System Directive: org.apache.velocity.runtime.directive.Foreach
2023-10-14 17:41:13,790 - Created '20' parsers.
2023-10-14 17:41:13,794 - Velocimacro : "velocimacro.library" is not set.  Trying default library: VM_global_library.vm
2023-10-14 17:41:13,794 - Velocimacro : Default library not found.
2023-10-14 17:41:13,794 - Velocimacro : allowInline = true : VMs can be defined inline in templates
2023-10-14 17:41:13,794 - Velocimacro : allowInlineToOverride = false : VMs defined inline may NOT replace previous VM definitions
2023-10-14 17:41:13,794 - Velocimacro : allowInlineLocal = false : VMs defined inline will be global in scope if allowed.
2023-10-14 17:41:13,794 - Velocimacro : autoload off : VM system will not automatically reload global library macros
2023-10-14 17:41:54,229 - Log4JLogChute initialized using file 'velocity.log'
2023-10-14 17:41:54,230 - Velocity was not initialized! Calling init()...
2023-10-14 17:41:54,230 - Starting Apache Velocity v1.5 (compiled: 2007-02-22 08:52:29)
2023-10-14 17:41:54,230 - Default Properties File: org/apache/velocity/runtime/defaults/velocity.properties
2023-10-14 17:41:54,230 - Trying to use logger class org.apache.velocity.runtime.log.AvalonLogChute
2023-10-14 17:41:54,232 - Couldn't find class org.apache.velocity.runtime.log.AvalonLogChute or necessary supporting classes in classpath.
java.lang.NoClassDefFoundError: org/apache/log/format/Formatter
	at java.base/java.lang.Class.forName0(Native Method)
	at java.base/java.lang.Class.forName(Class.java:496)
	at java.base/java.lang.Class.forName(Class.java:475)
	at org.apache.velocity.util.ClassUtils.getClass(ClassUtils.java:63)
	at org.apache.velocity.util.ClassUtils.getNewInstance(ClassUtils.java:95)
	at org.apache.velocity.runtime.log.LogManager.createLogChute(LogManager.java:147)
	at org.apache.velocity.runtime.log.LogManager.updateLog(LogManager.java:208)
	at org.apache.velocity.runtime.RuntimeInstance.initializeLog(RuntimeInstance.java:728)
	at org.apache.velocity.runtime.RuntimeInstance.init(RuntimeInstance.java:240)
	at org.apache.velocity.runtime.RuntimeInstance.parse(RuntimeInstance.java:993)
	at org.apache.velocity.runtime.RuntimeInstance.parse(RuntimeInstance.java:972)
	at org.apache.velocity.runtime.RuntimeSingleton.parse(RuntimeSingleton.java:265)
	at org.apache.velocity.app.Velocity.evaluate(Velocity.java:274)
	at org.sonatype.mavenbook.weather.WeatherFormatter.format(WeatherFormatter.java:21)
	at org.sonatype.mavenbook.weather.yahoo.WeatherFormatterTest.testFormat(WeatherFormatterTest.java:23)
	at java.base/jdk.internal.reflect.DirectMethodHandleAccessor.invoke(DirectMethodHandleAccessor.java:104)
	at java.base/java.lang.reflect.Method.invoke(Method.java:578)
	at junit.framework.TestCase.runTest(TestCase.java:176)
	at junit.framework.TestCase.runBare(TestCase.java:141)
	at junit.framework.TestResult$1.protect(TestResult.java:122)
	at junit.framework.TestResult.runProtected(TestResult.java:142)
	at junit.framework.TestResult.run(TestResult.java:125)
	at junit.framework.TestCase.run(TestCase.java:129)
	at junit.framework.TestSuite.runTest(TestSuite.java:252)
	at junit.framework.TestSuite.run(TestSuite.java:247)
	at org.junit.internal.runners.JUnit38ClassRunner.run(JUnit38ClassRunner.java:86)
	at org.apache.maven.surefire.junit4.JUnit4Provider.execute(JUnit4Provider.java:252)
	at org.apache.maven.surefire.junit4.JUnit4Provider.executeTestSet(JUnit4Provider.java:141)
	at org.apache.maven.surefire.junit4.JUnit4Provider.invoke(JUnit4Provider.java:112)
	at java.base/jdk.internal.reflect.DirectMethodHandleAccessor.invoke(DirectMethodHandleAccessor.java:104)
	at java.base/java.lang.reflect.Method.invoke(Method.java:578)
	at org.apache.maven.surefire.util.ReflectionUtils.invokeMethodWithArray(ReflectionUtils.java:189)
	at org.apache.maven.surefire.booter.ProviderFactory$ProviderProxy.invoke(ProviderFactory.java:165)
	at org.apache.maven.surefire.booter.ProviderFactory.invokeProvider(ProviderFactory.java:85)
	at org.apache.maven.surefire.booter.ForkedBooter.runSuitesInProcess(ForkedBooter.java:113)
	at org.apache.maven.surefire.booter.ForkedBooter.main(ForkedBooter.java:75)
Caused by: java.lang.ClassNotFoundException: org.apache.log.format.Formatter
	at java.base/jdk.internal.loader.BuiltinClassLoader.loadClass(BuiltinClassLoader.java:641)
	at java.base/jdk.internal.loader.ClassLoaders$AppClassLoader.loadClass(ClassLoaders.java:188)
	at java.base/java.lang.ClassLoader.loadClass(ClassLoader.java:521)
	... 36 more
2023-10-14 17:41:54,235 - Trying to use logger class org.apache.velocity.runtime.log.Log4JLogChute
2023-10-14 17:41:54,235 - Using logger class org.apache.velocity.runtime.log.Log4JLogChute
2023-10-14 17:41:54,237 - Default ResourceManager initializing. (class org.apache.velocity.runtime.resource.ResourceManagerImpl)
2023-10-14 17:41:54,241 - ResourceLoader instantiated: org.apache.velocity.runtime.resource.loader.FileResourceLoader
2023-10-14 17:41:54,242 - Do unicode file recognition:  false
2023-10-14 17:41:54,242 - FileResourceLoader : adding path '.'
2023-10-14 17:41:54,255 - ResourceCache: initialized (class org.apache.velocity.runtime.resource.ResourceCacheImpl)
2023-10-14 17:41:54,257 - Loaded System Directive: org.apache.velocity.runtime.directive.Literal
2023-10-14 17:41:54,259 - Loaded System Directive: org.apache.velocity.runtime.directive.Macro
2023-10-14 17:41:54,260 - Loaded System Directive: org.apache.velocity.runtime.directive.Parse
2023-10-14 17:41:54,262 - Loaded System Directive: org.apache.velocity.runtime.directive.Include
2023-10-14 17:41:54,263 - Loaded System Directive: org.apache.velocity.runtime.directive.Foreach
2023-10-14 17:41:54,293 - Created '20' parsers.
2023-10-14 17:41:54,298 - Velocimacro : "velocimacro.library" is not set.  Trying default library: VM_global_library.vm
2023-10-14 17:41:54,299 - Velocimacro : Default library not found.
2023-10-14 17:41:54,299 - Velocimacro : allowInline = true : VMs can be defined inline in templates
2023-10-14 17:41:54,299 - Velocimacro : allowInlineToOverride = false : VMs defined inline may NOT replace previous VM definitions
2023-10-14 17:41:54,299 - Velocimacro : allowInlineLocal = false : VMs defined inline will be global in scope if allowed.
2023-10-14 17:41:54,299 - Velocimacro : autoload off : VM system will not automatically reload global library macros
2023-10-14 17:44:00,380 - Log4JLogChute initialized using file 'velocity.log'
2023-10-14 17:44:00,381 - Velocity was not initialized! Calling init()...
2023-10-14 17:44:00,381 - Starting Apache Velocity v1.5 (compiled: 2007-02-22 08:52:29)
2023-10-14 17:44:00,381 - Default Properties File: org/apache/velocity/runtime/defaults/velocity.properties
2023-10-14 17:44:00,381 - Trying to use logger class org.apache.velocity.runtime.log.AvalonLogChute
2023-10-14 17:44:00,383 - Couldn't find class org.apache.velocity.runtime.log.AvalonLogChute or necessary supporting classes in classpath.
java.lang.NoClassDefFoundError: org/apache/log/format/Formatter
	at java.base/java.lang.Class.forName0(Native Method)
	at java.base/java.lang.Class.forName(Class.java:496)
	at java.base/java.lang.Class.forName(Class.java:475)
	at org.apache.velocity.util.ClassUtils.getClass(ClassUtils.java:63)
	at org.apache.velocity.util.ClassUtils.getNewInstance(ClassUtils.java:95)
	at org.apache.velocity.runtime.log.LogManager.createLogChute(LogManager.java:147)
	at org.apache.velocity.runtime.log.LogManager.updateLog(LogManager.java:208)
	at org.apache.velocity.runtime.RuntimeInstance.initializeLog(RuntimeInstance.java:728)
	at org.apache.velocity.runtime.RuntimeInstance.init(RuntimeInstance.java:240)
	at org.apache.velocity.runtime.RuntimeInstance.parse(RuntimeInstance.java:993)
	at org.apache.velocity.runtime.RuntimeInstance.parse(RuntimeInstance.java:972)
	at org.apache.velocity.runtime.RuntimeSingleton.parse(RuntimeSingleton.java:265)
	at org.apache.velocity.app.Velocity.evaluate(Velocity.java:274)
	at org.sonatype.mavenbook.weather.WeatherFormatter.format(WeatherFormatter.java:21)
	at org.sonatype.mavenbook.weather.yahoo.WeatherFormatterTest.testFormat(WeatherFormatterTest.java:23)
	at java.base/jdk.internal.reflect.DirectMethodHandleAccessor.invoke(DirectMethodHandleAccessor.java:104)
	at java.base/java.lang.reflect.Method.invoke(Method.java:578)
	at junit.framework.TestCase.runTest(TestCase.java:176)
	at junit.framework.TestCase.runBare(TestCase.java:141)
	at junit.framework.TestResult$1.protect(TestResult.java:122)
	at junit.framework.TestResult.runProtected(TestResult.java:142)
	at junit.framework.TestResult.run(TestResult.java:125)
	at junit.framework.TestCase.run(TestCase.java:129)
	at junit.framework.TestSuite.runTest(TestSuite.java:252)
	at junit.framework.TestSuite.run(TestSuite.java:247)
	at org.junit.internal.runners.JUnit38ClassRunner.run(JUnit38ClassRunner.java:86)
	at org.apache.maven.surefire.junit4.JUnit4Provider.execute(JUnit4Provider.java:252)
	at org.apache.maven.surefire.junit4.JUnit4Provider.executeTestSet(JUnit4Provider.java:141)
	at org.apache.maven.surefire.junit4.JUnit4Provider.invoke(JUnit4Provider.java:112)
	at java.base/jdk.internal.reflect.DirectMethodHandleAccessor.invoke(DirectMethodHandleAccessor.java:104)
	at java.base/java.lang.reflect.Method.invoke(Method.java:578)
	at org.apache.maven.surefire.util.ReflectionUtils.invokeMethodWithArray(ReflectionUtils.java:189)
	at org.apache.maven.surefire.booter.ProviderFactory$ProviderProxy.invoke(ProviderFactory.java:165)
	at org.apache.maven.surefire.booter.ProviderFactory.invokeProvider(ProviderFactory.java:85)
	at org.apache.maven.surefire.booter.ForkedBooter.runSuitesInProcess(ForkedBooter.java:113)
	at org.apache.maven.surefire.booter.ForkedBooter.main(ForkedBooter.java:75)
Caused by: java.lang.ClassNotFoundException: org.apache.log.format.Formatter
	at java.base/jdk.internal.loader.BuiltinClassLoader.loadClass(BuiltinClassLoader.java:641)
	at java.base/jdk.internal.loader.ClassLoaders$AppClassLoader.loadClass(ClassLoaders.java:188)
	at java.base/java.lang.ClassLoader.loadClass(ClassLoader.java:521)
	... 36 more
2023-10-14 17:44:00,386 - Trying to use logger class org.apache.velocity.runtime.log.Log4JLogChute
2023-10-14 17:44:00,386 - Using logger class org.apache.velocity.runtime.log.Log4JLogChute
2023-10-14 17:44:00,388 - Default ResourceManager initializing. (class org.apache.velocity.runtime.resource.ResourceManagerImpl)
2023-10-14 17:44:00,391 - ResourceLoader instantiated: org.apache.velocity.runtime.resource.loader.FileResourceLoader
2023-10-14 17:44:00,392 - Do unicode file recognition:  false
2023-10-14 17:44:00,392 - FileResourceLoader : adding path '.'
2023-10-14 17:44:00,406 - ResourceCache: initialized (class org.apache.velocity.runtime.resource.ResourceCacheImpl)
2023-10-14 17:44:00,408 - Loaded System Directive: org.apache.velocity.runtime.directive.Literal
2023-10-14 17:44:00,409 - Loaded System Directive: org.apache.velocity.runtime.directive.Macro
2023-10-14 17:44:00,410 - Loaded System Directive: org.apache.velocity.runtime.directive.Parse
2023-10-14 17:44:00,412 - Loaded System Directive: org.apache.velocity.runtime.directive.Include
2023-10-14 17:44:00,413 - Loaded System Directive: org.apache.velocity.runtime.directive.Foreach
2023-10-14 17:44:00,444 - Created '20' parsers.
2023-10-14 17:44:00,449 - Velocimacro : "velocimacro.library" is not set.  Trying default library: VM_global_library.vm
2023-10-14 17:44:00,449 - Velocimacro : Default library not found.
2023-10-14 17:44:00,449 - Velocimacro : allowInline = true : VMs can be defined inline in templates
2023-10-14 17:44:00,449 - Velocimacro : allowInlineToOverride = false : VMs defined inline may NOT replace previous VM definitions
2023-10-14 17:44:00,449 - Velocimacro : allowInlineLocal = false : VMs defined inline will be global in scope if allowed.
2023-10-14 17:44:00,449 - Velocimacro : autoload off : VM system will not automatically reload global library macros
